Performing C SOURCE FILE Test CMAKE_HAVE_LIBC_PTHREAD failed with the following output:
Change Dir: /home/liu-420/vslam/OP_SLAM/build/CMakeFiles/CMakeTmp

Run Build Command(s):/usr/bin/make cmTC_3a8fb/fast && /usr/bin/make -f CMakeFiles/cmTC_3a8fb.dir/build.make CMakeFiles/cmTC_3a8fb.dir/build
make[1]: Entering directory '/home/liu-420/vslam/OP_SLAM/build/CMakeFiles/CMakeTmp'
Building C object CMakeFiles/cmTC_3a8fb.dir/src.c.o
/usr/bin/cc   -fPIC -DCMAKE_HAVE_LIBC_PTHREAD   -o CMakeFiles/cmTC_3a8fb.dir/src.c.o   -c /home/liu-420/vslam/OP_SLAM/build/CMakeFiles/CMakeTmp/src.c
Linking C executable cmTC_3a8fb
/usr/bin/cmake -E cmake_link_script CMakeFiles/cmTC_3a8fb.dir/link.txt --verbose=1
/usr/bin/cc -fPIC -DCMAKE_HAVE_LIBC_PTHREAD    -rdynamic CMakeFiles/cmTC_3a8fb.dir/src.c.o  -o cmTC_3a8fb 
/usr/bin/ld: CMakeFiles/cmTC_3a8fb.dir/src.c.o: in function `main':
src.c:(.text+0x46): undefined reference to `pthread_create'
/usr/bin/ld: src.c:(.text+0x52): undefined reference to `pthread_detach'
/usr/bin/ld: src.c:(.text+0x63): undefined reference to `pthread_join'
collect2: error: ld returned 1 exit status
make[1]: *** [CMakeFiles/cmTC_3a8fb.dir/build.make:87: cmTC_3a8fb] Error 1
make[1]: Leaving directory '/home/liu-420/vslam/OP_SLAM/build/CMakeFiles/CMakeTmp'
make: *** [Makefile:121: cmTC_3a8fb/fast] Error 2


Source file was:
#include <pthread.h>

void* test_func(void* data)
{
  return data;
}

int main(void)
{
  pthread_t thread;
  pthread_create(&thread, NULL, test_func, NULL);
  pthread_detach(thread);
  pthread_join(thread, NULL);
  pthread_atfork(NULL, NULL, NULL);
  pthread_exit(NULL);

  return 0;
}

Determining if the function pthread_create exists in the pthreads failed with the following output:
Change Dir: /home/liu-420/vslam/OP_SLAM/build/CMakeFiles/CMakeTmp

Run Build Command(s):/usr/bin/make cmTC_89516/fast && /usr/bin/make -f CMakeFiles/cmTC_89516.dir/build.make CMakeFiles/cmTC_89516.dir/build
make[1]: Entering directory '/home/liu-420/vslam/OP_SLAM/build/CMakeFiles/CMakeTmp'
Building C object CMakeFiles/cmTC_89516.dir/CheckFunctionExists.c.o
/usr/bin/cc   -fPIC -DCHECK_FUNCTION_EXISTS=pthread_create   -o CMakeFiles/cmTC_89516.dir/CheckFunctionExists.c.o   -c /usr/share/cmake-3.16/Modules/CheckFunctionExists.c
Linking C executable cmTC_89516
/usr/bin/cmake -E cmake_link_script CMakeFiles/cmTC_89516.dir/link.txt --verbose=1
/usr/bin/cc -fPIC -DCHECK_FUNCTION_EXISTS=pthread_create    -rdynamic CMakeFiles/cmTC_89516.dir/CheckFunctionExists.c.o  -o cmTC_89516  -lpthreads 
/usr/bin/ld: cannot find -lpthreads
collect2: error: ld returned 1 exit status
make[1]: *** [CMakeFiles/cmTC_89516.dir/build.make:87: cmTC_89516] Error 1
make[1]: Leaving directory '/home/liu-420/vslam/OP_SLAM/build/CMakeFiles/CMakeTmp'
make: *** [Makefile:121: cmTC_89516/fast] Error 2



Determining if the function sgemm_ exists failed with the following output:
Change Dir: /home/liu-420/vslam/OP_SLAM/build/CMakeFiles/CMakeTmp

Run Build Command(s):/usr/bin/make cmTC_29b79/fast && /usr/bin/make -f CMakeFiles/cmTC_29b79.dir/build.make CMakeFiles/cmTC_29b79.dir/build
make[1]: Entering directory '/home/liu-420/vslam/OP_SLAM/build/CMakeFiles/CMakeTmp'
Building C object CMakeFiles/cmTC_29b79.dir/CheckFunctionExists.c.o
/usr/bin/cc   -Wall  -O3 -march=native  -DCHECK_FUNCTION_EXISTS=sgemm_   -o CMakeFiles/cmTC_29b79.dir/CheckFunctionExists.c.o   -c /usr/share/cmake-3.16/Modules/CheckFunctionExists.c
Linking C executable cmTC_29b79
/usr/bin/cmake -E cmake_link_script CMakeFiles/cmTC_29b79.dir/link.txt --verbose=1
/usr/bin/cc   -Wall  -O3 -march=native  -DCHECK_FUNCTION_EXISTS=sgemm_    -rdynamic CMakeFiles/cmTC_29b79.dir/CheckFunctionExists.c.o  -o cmTC_29b79 
/usr/bin/ld: CMakeFiles/cmTC_29b79.dir/CheckFunctionExists.c.o: in function `main':
CheckFunctionExists.c:(.text.startup+0x10): undefined reference to `sgemm_'
collect2: error: ld returned 1 exit status
make[1]: *** [CMakeFiles/cmTC_29b79.dir/build.make:87: cmTC_29b79] Error 1
make[1]: Leaving directory '/home/liu-420/vslam/OP_SLAM/build/CMakeFiles/CMakeTmp'
make: *** [Makefile:121: cmTC_29b79/fast] Error 2



